<?xml version="1.0" encoding="UTF-8" ?>
<testsuite failures="0" time="29.439" errors="1" skipped="0" tests="1" name="com.qaselenium.engineweb.tests.proj_configurator.ConfigureVehicleColourTest">
  <properties>
[...]
</properties>
  <testcase time="29.439" classname="com.qaselenium.engineweb.tests.proj_configurator.ConfigureVehicleColourTest" name="configureColour[0]">
    <error message="unknown error: Element is not clickable at point (442, 458). Other element would receive the click: &lt;div id=&quot;overlay&quot; style=&quot;opacity: 0.7;&quot;&gt;&lt;/div&gt;
  (Session info: chrome=56.0.2924.87)
  (Driver info: chromedriver=2.25.426923 (0390b88869384d6eb0d5d09729679f934aab9eed),platform=Windows NT 6.1.7601 SP1 x86_64) (WARNING: The server did not provide any stacktrace information)
Command duration or timeout: 38 milliseconds
Build info: version: &apos;2.33.0&apos;, revision: &apos;4e90c97&apos;, time: &apos;2013-05-22 15:32:38&apos;
System info: os.name: &apos;Windows 7&apos;, os.arch: &apos;amd64&apos;, os.version: &apos;6.1&apos;, java.version: &apos;1.7.0_67&apos;
Session ID: 1a96ff7cb4a6c229cc65fab5d2c84c15
Driver info: org.openqa.selenium.chrome.ChromeDriver
Capabilities [{platform=XP, acceptSslCerts=true, javascriptEnabled=true, browserName=chrome, chrome={userDataDir=C:\Users\rpette27\AppData\Local\Temp\scoped_dir868_4955, chromedriverVersion=2.25.426923 (0390b88869384d6eb0d5d09729679f934aab9eed)}, networkConnectionEnabled=false, rotatable=false, locationContextEnabled=true, mobileEmulationEnabled=false, version=56.0.2924.87, pageLoadStrategy=normal, takesHeapSnapshot=true, cssSelectorsEnabled=true, databaseEnabled=false, handlesAlerts=true, browserConnectionEnabled=false, webStorageEnabled=true, nativeEvents=true, hasTouchScreen=false, applicationCacheEnabled=false, takesScreenshot=true}]
Command duration or timeout: 375 milliseconds
Build info: version: &apos;2.23.1&apos;, revision: &apos;unknown&apos;, time: &apos;2012-06-08 12:33:29&apos;
System info: os.name: &apos;Windows 7&apos;, os.arch: &apos;amd64&apos;, os.version: &apos;6.1&apos;, java.version: &apos;1.7.0_45&apos;
Driver info: driver.version: RemoteWebDriver
Session ID: 99953141-0f99-4ebf-bea4-36885afe1cf1" type="org.openqa.selenium.WebDriverException">org.openqa.selenium.WebDriverException: unknown error: Element is not clickable at point (442, 458). Other element would receive the click: &lt;div id=&quot;overlay&quot; style=&quot;opacity: 0.7;&quot;&gt;&lt;/div&gt;
  (Session info: chrome=56.0.2924.87)
  (Driver info: chromedriver=2.25.426923 (0390b88869384d6eb0d5d09729679f934aab9eed),platform=Windows NT 6.1.7601 SP1 x86_64) (WARNING: The server did not provide any stacktrace information)
Command duration or timeout: 38 milliseconds
Build info: version: &apos;2.33.0&apos;, revision: &apos;4e90c97&apos;, time: &apos;2013-05-22 15:32:38&apos;
System info: os.name: &apos;Windows 7&apos;, os.arch: &apos;amd64&apos;, os.version: &apos;6.1&apos;, java.version: &apos;1.7.0_67&apos;
Session ID: 1a96ff7cb4a6c229cc65fab5d2c84c15
Driver info: org.openqa.selenium.chrome.ChromeDriver
Capabilities [{platform=XP, acceptSslCerts=true, javascriptEnabled=true, browserName=chrome, chrome={userDataDir=C:\Users\rpette27\AppData\Local\Temp\scoped_dir868_4955, chromedriverVersion=2.25.426923 (0390b88869384d6eb0d5d09729679f934aab9eed)}, networkConnectionEnabled=false, rotatable=false, locationContextEnabled=true, mobileEmulationEnabled=false, version=56.0.2924.87, pageLoadStrategy=normal, takesHeapSnapshot=true, cssSelectorsEnabled=true, databaseEnabled=false, handlesAlerts=true, browserConnectionEnabled=false, webStorageEnabled=true, nativeEvents=true, hasTouchScreen=false, applicationCacheEnabled=false, takesScreenshot=true}]
Command duration or timeout: 375 milliseconds
Build info: version: &apos;2.23.1&apos;, revision: &apos;unknown&apos;, time: &apos;2012-06-08 12:33:29&apos;
System info: os.name: &apos;Windows 7&apos;, os.arch: &apos;amd64&apos;, os.version: &apos;6.1&apos;, java.version: &apos;1.7.0_45&apos;
Driver info: driver.version: RemoteWebDriver
Session ID: 99953141-0f99-4ebf-bea4-36885afe1cf1
	at sun.reflect.NativeConstructorAccessorImpl.newInstance0(Native Method)
	at sun.reflect.NativeConstructorAccessorImpl.newInstance(NativeConstructorAccessorImpl.java:57)
	at sun.reflect.DelegatingConstructorAccessorImpl.newInstance(DelegatingConstructorAccessorImpl.java:45)
	at java.lang.reflect.Constructor.newInstance(Constructor.java:526)
	at org.openqa.selenium.remote.ErrorHandler.createThrowable(ErrorHandler.java:188)
	at org.openqa.selenium.remote.ErrorHandler.throwIfResponseFailed(ErrorHandler.java:145)
	at org.openqa.selenium.remote.RemoteWebDriver.execute(RemoteWebDriver.java:458)
	at org.openqa.selenium.remote.RemoteWebElement.execute(RemoteWebElement.java:244)
	at org.openqa.selenium.remote.RemoteWebElement.click(RemoteWebElement.java:77)
	at com.qaselenium.framework.testingobjectmodel.AbstractPage.waitClick(AbstractPage.java:248)
	at com.qaselenium.engineweb.testingobjectmodel.OtherPageObjects.proj_owners.Configurator.assertColourInSummary(Configurator.java:168)
	at com.qaselenium.engineweb.tests.proj_configurator.ConfigureVehicleColourTest.configureColour(ConfigureVehicleColourTest.java:71)
	at sun.reflect.NativeMethodAccessorImpl.invoke0(Native Method)
	at sun.reflect.NativeMethodAccessorImpl.invoke(NativeMethodAccessorImpl.java:57)
	at sun.reflect.DelegatingMethodAccessorImpl.invoke(DelegatingMethodAccessorImpl.java:43)
	at java.lang.reflect.Method.invoke(Method.java:606)
	at org.junit.runners.model.FrameworkMethod$1.runReflectiveCall(FrameworkMethod.java:44)
	at org.junit.internal.runners.model.ReflectiveCallable.run(ReflectiveCallable.java:15)
	at org.junit.runners.model.FrameworkMethod.invokeExplosively(FrameworkMethod.java:41)
	at org.junit.internal.runners.statements.InvokeMethod.evaluate(InvokeMethod.java:20)
	at org.junit.internal.runners.statements.RunBefores.evaluate(RunBefores.java:28)
	at org.junit.internal.runners.statements.RunAfters.evaluate(RunAfters.java:31)
	at org.junit.rules.TestWatchman$1.evaluate(TestWatchman.java:48)
	at org.junit.runners.BlockJUnit4ClassRunner.runNotIgnored(BlockJUnit4ClassRunner.java:79)
	at org.junit.runners.BlockJUnit4ClassRunner.runChild(BlockJUnit4ClassRunner.java:71)
	at org.junit.runners.BlockJUnit4ClassRunner.runChild(BlockJUnit4ClassRunner.java:49)
	at org.junit.runners.ParentRunner$3.run(ParentRunner.java:193)
	at org.junit.runners.ParentRunner$1.schedule(ParentRunner.java:52)
	at org.junit.runners.ParentRunner.runChildren(ParentRunner.java:191)
	at org.junit.runners.ParentRunner.access$000(ParentRunner.java:42)
	at org.junit.runners.ParentRunner$2.evaluate(ParentRunner.java:184)
	at org.junit.runners.ParentRunner.run(ParentRunner.java:236)
	at org.junit.runners.Suite.runChild(Suite.java:128)
	at org.junit.runners.Suite.runChild(Suite.java:24)
	at org.junit.runners.ParentRunner$3.run(ParentRunner.java:193)
	at org.junit.runners.ParentRunner$1.schedule(ParentRunner.java:52)
	at org.junit.runners.ParentRunner.runChildren(ParentRunner.java:191)
	at org.junit.runners.ParentRunner.access$000(ParentRunner.java:42)
	at org.junit.runners.ParentRunner$2.evaluate(ParentRunner.java:184)
	at org.junit.internal.runners.statements.RunBefores.evaluate(RunBefores.java:28)
	at org.junit.internal.runners.statements.RunAfters.evaluate(RunAfters.java:31)
	at org.junit.runners.ParentRunner.run(ParentRunner.java:236)
	at org.apache.maven.surefire.junit4.JUnit4Provider.execute(JUnit4Provider.java:252)
	at org.apache.maven.surefire.junit4.JUnit4Provider.executeTestSet(JUnit4Provider.java:141)
	at org.apache.maven.surefire.junit4.JUnit4Provider.invoke(JUnit4Provider.java:112)
	at sun.reflect.NativeMethodAccessorImpl.invoke0(Native Method)
	at sun.reflect.NativeMethodAccessorImpl.invoke(NativeMethodAccessorImpl.java:57)
	at sun.reflect.DelegatingMethodAccessorImpl.invoke(DelegatingMethodAccessorImpl.java:43)
	at java.lang.reflect.Method.invoke(Method.java:606)
	at org.apache.maven.surefire.util.ReflectionUtils.invokeMethodWithArray(ReflectionUtils.java:189)
	at org.apache.maven.surefire.booter.ProviderFactory$ProviderProxy.invoke(ProviderFactory.java:165)
	at org.apache.maven.surefire.booter.ProviderFactory.invokeProvider(ProviderFactory.java:85)
	at org.apache.maven.surefire.booter.ForkedBooter.runSuitesInProcess(ForkedBooter.java:115)
	at org.apache.maven.surefire.booter.ForkedBooter.main(ForkedBooter.java:75)
Caused by: org.openqa.selenium.remote.ScreenshotException: Screen shot has been taken
Build info: version: &apos;2.23.1&apos;, revision: &apos;unknown&apos;, time: &apos;2012-06-08 12:33:29&apos;
System info: os.name: &apos;Windows 7&apos;, os.arch: &apos;amd64&apos;, os.version: &apos;6.1&apos;, java.version: &apos;1.7.0_45&apos;
Driver info: driver.version: RemoteWebDriver
	at org.openqa.selenium.remote.ErrorHandler.throwIfResponseFailed(ErrorHandler.java:125)
	... 48 more
Caused by: org.openqa.selenium.WebDriverException: unknown error: Element is not clickable at point (442, 458). Other element would receive the click: &lt;div id=&quot;overlay&quot; style=&quot;opacity: 0.7;&quot;&gt;&lt;/div&gt;
  (Session info: chrome=56.0.2924.87)
  (Driver info: chromedriver=2.25.426923 (0390b88869384d6eb0d5d09729679f934aab9eed),platform=Windows NT 6.1.7601 SP1 x86_64) (WARNING: The server did not provide any stacktrace information)
Command duration or timeout: 38 milliseconds
Build info: version: &apos;2.33.0&apos;, revision: &apos;4e90c97&apos;, time: &apos;2013-05-22 15:32:38&apos;
System info: os.name: &apos;Windows 7&apos;, os.arch: &apos;amd64&apos;, os.version: &apos;6.1&apos;, java.version: &apos;1.7.0_67&apos;
Session ID: 1a96ff7cb4a6c229cc65fab5d2c84c15
Driver info: org.openqa.selenium.chrome.ChromeDriver
Capabilities [{platform=XP, acceptSslCerts=true, javascriptEnabled=true, browserName=chrome, chrome={userDataDir=C:\Users\rpette27\AppData\Local\Temp\scoped_dir868_4955, chromedriverVersion=2.25.426923 (0390b88869384d6eb0d5d09729679f934aab9eed)}, networkConnectionEnabled=false, rotatable=false, locationContextEnabled=true, mobileEmulationEnabled=false, version=56.0.2924.87, pageLoadStrategy=normal, takesHeapSnapshot=true, cssSelectorsEnabled=true, databaseEnabled=false, handlesAlerts=true, browserConnectionEnabled=false, webStorageEnabled=true, nativeEvents=true, hasTouchScreen=false, applicationCacheEnabled=false, takesScreenshot=true}]
Build info: version: &apos;2.23.1&apos;, revision: &apos;unknown&apos;, time: &apos;2012-06-08 12:33:29&apos;
System info: os.name: &apos;Windows 7&apos;, os.arch: &apos;amd64&apos;, os.version: &apos;6.1&apos;, java.version: &apos;1.7.0_45&apos;
Driver info: driver.version: RemoteWebDriver
	at sun.reflect.NativeConstructorAccessorImpl.newInstance0(Native Method)
	at sun.reflect.NativeConstructorAccessorImpl.newInstance(Unknown Source)
	at sun.reflect.DelegatingConstructorAccessorImpl.newInstance(Unknown Source)
	at java.lang.reflect.Constructor.newInstance(Unknown Source)
	at org.openqa.selenium.remote.ErrorHandler.createThrowable(ErrorHandler.java:191)
	at org.openqa.selenium.remote.ErrorHandler.throwIfResponseFailed(ErrorHandler.java:145)
	at org.openqa.selenium.remote.RemoteWebDriver.execute(RemoteWebDriver.java:554)
	at org.openqa.selenium.remote.RemoteWebElement.execute(RemoteWebElement.java:268)
	at org.openqa.selenium.remote.RemoteWebElement.click(RemoteWebElement.java:79)
	at sun.reflect.GeneratedMethodAccessor28.invoke(Unknown Source)
	at sun.reflect.DelegatingMethodAccessorImpl.invoke(Unknown Source)
	at java.lang.reflect.Method.invoke(Unknown Source)
	at org.openqa.selenium.support.events.EventFiringWebDriver$EventFiringWebElement$1.invoke(EventFiringWebDriver.java:327)
	at com.sun.proxy.$Proxy2.click(Unknown Source)
	at org.openqa.selenium.support.events.EventFiringWebDriver$EventFiringWebElement.click(EventFiringWebDriver.java:340)
	at sun.reflect.GeneratedMethodAccessor28.invoke(Unknown Source)
	at sun.reflect.DelegatingMethodAccessorImpl.invoke(Unknown Source)
	at java.lang.reflect.Method.invoke(Unknown Source)
	at org.openqa.selenium.remote.server.KnownElements$1.invoke(KnownElements.java:63)
	at com.sun.proxy.$Proxy3.click(Unknown Source)
	at org.openqa.selenium.remote.server.handler.ClickElement.call(ClickElement.java:29)
	at org.openqa.selenium.remote.server.handler.ClickElement.call(ClickElement.java:1)
	at java.util.concurrent.FutureTask.run(Unknown Source)
	at org.openqa.selenium.remote.server.DefaultSession$1.run(DefaultSession.java:169)
	at java.util.concurrent.ThreadPoolExecutor.runWorker(Unknown Source)
	at java.util.concurrent.ThreadPoolExecutor$Worker.run(Unknown Source)
	at java.lang.Thread.run(Unknown Source)
</error>
    <system-out>csv filename=ConfigureVehicleColourTest_regression.csv
2017-04-25 13:55:49 TEST [INFO] Global Properties Set: BrowserTimeOut [3], testPhase [${test.phase}], reportDebug [false]

2017-04-25 13:55:49 REPORTER [INFO] *** configureColour - Configurator select colour Test test being RUN ***
2017-04-25 13:55:49 REPORTER [INFO] INFO - Info: [Initial Test Properties Set: Environment [intpublish], URL [http://wwwdev3.engine.ford.com]]
2017-04-25 13:55:49 REPORTER [INFO] INFO - Info: [Updated Test Properties from CSV: Browser [chrome]]
2017-04-25 13:55:52 REPORTER [INFO] INFO - Info: [webDriver instantiated using: Browser [chrome], Hostname [localhost], Port [4444], BaseURL [http://wwwdev3.engine.ford.com]]
2017-04-25 13:55:52 REPORTER [INFO] INFO - Info: [Opening page http://wwwdev3.engine.ford.com]
2017-04-25 13:56:08 REPORTER [INFO] INFO - Info: [Check if page  [http://wwwdev3.engine.ford.com] is loaded]
2017-04-25 13:56:14 REPORTER [INFO] INFO - Info: [Clicked on element [By.id: LHMcolor], on Page [Configurator]]
2017-04-25 13:56:14 REPORTER [INFO] INFO - Info: [Clicked on element [By.selector: [data-selenium=&apos;bpCheckBox2&apos;]], on Page [Configurator]]
2017-04-25 13:56:19 REPORTER [INFO] INFO - Info: [Check for errors[configureColour] FAILED!!! unknown error: Element is not clickable at point (442, 458). Other element would receive the click: &lt;div id=&quot;overlay&quot; style=&quot;opacity: 0.7;&quot;&gt;&lt;/div&gt;
  (Session info: chrome=56.0.2924.87)
  (Driver info: chromedriver=2.25.426923 (0390b88869384d6eb0d5d09729679f934aab9eed),platform=Windows NT 6.1.7601 SP1 x86_64) (WARNING: The server did not provide any stacktrace information)
Command duration or timeout: 38 milliseconds
Build info: version: &apos;2.33.0&apos;, revision: &apos;4e90c97&apos;, time: &apos;2013-05-22 15:32:38&apos;
System info: os.name: &apos;Windows 7&apos;, os.arch: &apos;amd64&apos;, os.version: &apos;6.1&apos;, java.version: &apos;1.7.0_67&apos;
Session ID: 1a96ff7cb4a6c229cc65fab5d2c84c15
Driver info: org.openqa.selenium.chrome.ChromeDriver
Capabilities [{platform=XP, acceptSslCerts=true, javascriptEnabled=true, browserName=chrome, chrome={userDataDir=C:\Users\rpette27\AppData\Local\Temp\scoped_dir868_4955, chromedriverVersion=2.25.426923 (0390b88869384d6eb0d5d09729679f934aab9eed)}, networkConnectionEnabled=false, rotatable=false, locationContextEnabled=true, mobileEmulationEnabled=false, version=56.0.2924.87, pageLoadStrategy=normal, takesHeapSnapshot=true, cssSelectorsEnabled=true, databaseEnabled=false, handlesAlerts=true, browserConnectionEnabled=false, webStorageEnabled=true, nativeEvents=true, hasTouchScreen=false, applicationCacheEnabled=false, takesScreenshot=true}]
Command duration or timeout: 375 milliseconds
Build info: version: &apos;2.23.1&apos;, revision: &apos;unknown&apos;, time: &apos;2012-06-08 12:33:29&apos;
System info: os.name: &apos;Windows 7&apos;, os.arch: &apos;amd64&apos;, os.version: &apos;6.1&apos;, java.version: &apos;1.7.0_45&apos;
Driver info: driver.version: RemoteWebDriver
Session ID: 99953141-0f99-4ebf-bea4-36885afe1cf1]
</system-out>
  </testcase>
</testsuite>